This file contains any messages produced by compilers while
running configure, to aid debugging if configure makes a mistake.

It was created by BatMis configure 3.00(mmx), which was
generated by GNU Autoconf 2.69.  Invocation command line was

  $ ./configure 

## --------- ##
## Platform. ##
## --------- ##

hostname = buildkitsandbox
uname -m = x86_64
uname -r = 5.10.76-linuxkit
uname -s = Linux
uname -v = #1 SMP Mon Nov 8 10:21:19 UTC 2021

/usr/bin/uname -p = unknown
/bin/uname -X     = unknown

/bin/arch              = unknown
/usr/bin/arch -k       = unknown
/usr/convex/getsysinfo = unknown
/usr/bin/hostinfo      = unknown
/bin/machine           = unknown
/usr/bin/oslevel       = unknown
/bin/universe          = unknown

PATH: /usr/local/sbin
PATH: /usr/local/bin
PATH: /usr/sbin
PATH: /usr/bin
PATH: /sbin
PATH: /bin


## ----------- ##
## Core tests. ##
## ----------- ##

configure:2281: checking for a BSD-compatible install
configure:2349: result: /usr/bin/install -c
configure:2360: checking whether build environment is sane
configure:2410: result: yes
configure:2551: checking for a thread-safe mkdir -p
configure:2590: result: /bin/mkdir -p
configure:2603: checking for gawk
configure:2633: result: no
configure:2603: checking for mawk
configure:2619: found /usr/bin/mawk
configure:2630: result: mawk
configure:2641: checking whether make sets $(MAKE)
configure:2663: result: yes
configure:2806: checking for g++
configure:2822: found /usr/bin/g++
configure:2833: result: g++
configure:2860: checking for C++ compiler version
configure:2869: g++ --version >&5
g++ (Ubuntu 7.5.0-3ubuntu1~18.04) 7.5.0
Copyright (C) 2017 Free Software Foundation, Inc.
This is free software; see the source for copying conditions.  There is NO
warranty; not even for MERCHANTABILITY or FITNESS FOR A PARTICULAR PURPOSE.

configure:2880: $? = 0
configure:2869: g++ -v >&5
Using built-in specs.
COLLECT_GCC=g++
COLLECT_LTO_WRAPPER=/usr/lib/gcc/x86_64-linux-gnu/7/lto-wrapper
OFFLOAD_TARGET_NAMES=nvptx-none
OFFLOAD_TARGET_DEFAULT=1
Target: x86_64-linux-gnu
Configured with: ../src/configure -v --with-pkgversion='Ubuntu 7.5.0-3ubuntu1~18.04' --with-bugurl=file:///usr/share/doc/gcc-7/README.Bugs --enable-languages=c,ada,c++,go,brig,d,fortran,objc,obj-c++ --prefix=/usr --with-gcc-major-version-only --program-suffix=-7 --program-prefix=x86_64-linux-gnu- --enable-shared --enable-linker-build-id --libexecdir=/usr/lib --without-included-gettext --enable-threads=posix --libdir=/usr/lib --enable-nls --enable-bootstrap --enable-clocale=gnu --enable-libstdcxx-debug --enable-libstdcxx-time=yes --with-default-libstdcxx-abi=new --enable-gnu-unique-object --disable-vtable-verify --enable-libmpx --enable-plugin --enable-default-pie --with-system-zlib --with-target-system-zlib --enable-objc-gc=auto --enable-multiarch --disable-werror --with-arch-32=i686 --with-abi=m64 --with-multilib-list=m32,m64,mx32 --enable-multilib --with-tune=generic --enable-offload-targets=nvptx-none --without-cuda-driver --enable-checking=release --build=x86_64-linux-gnu --host=x86_64-linux-gnu --target=x86_64-linux-gnu
Thread model: posix
gcc version 7.5.0 (Ubuntu 7.5.0-3ubuntu1~18.04) 
configure:2880: $? = 0
configure:2869: g++ -V >&5
g++: error: unrecognized command line option '-V'
g++: fatal error: no input files
compilation terminated.
configure:2880: $? = 1
configure:2869: g++ -qversion >&5
g++: error: unrecognized command line option '-qversion'; did you mean '--version'?
g++: fatal error: no input files
compilation terminated.
configure:2880: $? = 1
configure:2900: checking whether the C++ compiler works
configure:2922: g++    conftest.cpp  >&5
configure:2926: $? = 0
configure:2974: result: yes
configure:2977: checking for C++ compiler default output file name
configure:2979: result: a.out
configure:2985: checking for suffix of executables
configure:2992: g++ -o conftest    conftest.cpp  >&5
configure:2996: $? = 0
configure:3018: result: 
configure:3040: checking whether we are cross compiling
configure:3048: g++ -o conftest    conftest.cpp  >&5
configure:3052: $? = 0
configure:3059: ./conftest
configure:3063: $? = 0
configure:3078: result: no
configure:3083: checking for suffix of object files
configure:3105: g++ -c   conftest.cpp >&5
configure:3109: $? = 0
configure:3130: result: o
configure:3134: checking whether we are using the GNU C++ compiler
configure:3153: g++ -c   conftest.cpp >&5
configure:3153: $? = 0
configure:3162: result: yes
configure:3171: checking whether g++ accepts -g
configure:3191: g++ -c -g  conftest.cpp >&5
configure:3191: $? = 0
configure:3232: result: yes
configure:3266: checking for style of include used by make
configure:3294: result: GNU
configure:3319: checking dependency style of g++
configure:3429: result: gcc3
configure:3492: checking for gcc
configure:3508: found /usr/bin/gcc
configure:3519: result: gcc
configure:3748: checking for C compiler version
configure:3757: gcc --version >&5
gcc (Ubuntu 7.5.0-3ubuntu1~18.04) 7.5.0
Copyright (C) 2017 Free Software Foundation, Inc.
This is free software; see the source for copying conditions.  There is NO
warranty; not even for MERCHANTABILITY or FITNESS FOR A PARTICULAR PURPOSE.

configure:3768: $? = 0
configure:3757: gcc -v >&5
Using built-in specs.
COLLECT_GCC=gcc
COLLECT_LTO_WRAPPER=/usr/lib/gcc/x86_64-linux-gnu/7/lto-wrapper
OFFLOAD_TARGET_NAMES=nvptx-none
OFFLOAD_TARGET_DEFAULT=1
Target: x86_64-linux-gnu
Configured with: ../src/configure -v --with-pkgversion='Ubuntu 7.5.0-3ubuntu1~18.04' --with-bugurl=file:///usr/share/doc/gcc-7/README.Bugs --enable-languages=c,ada,c++,go,brig,d,fortran,objc,obj-c++ --prefix=/usr --with-gcc-major-version-only --program-suffix=-7 --program-prefix=x86_64-linux-gnu- --enable-shared --enable-linker-build-id --libexecdir=/usr/lib --without-included-gettext --enable-threads=posix --libdir=/usr/lib --enable-nls --enable-bootstrap --enable-clocale=gnu --enable-libstdcxx-debug --enable-libstdcxx-time=yes --with-default-libstdcxx-abi=new --enable-gnu-unique-object --disable-vtable-verify --enable-libmpx --enable-plugin --enable-default-pie --with-system-zlib --with-target-system-zlib --enable-objc-gc=auto --enable-multiarch --disable-werror --with-arch-32=i686 --with-abi=m64 --with-multilib-list=m32,m64,mx32 --enable-multilib --with-tune=generic --enable-offload-targets=nvptx-none --without-cuda-driver --enable-checking=release --build=x86_64-linux-gnu --host=x86_64-linux-gnu --target=x86_64-linux-gnu
Thread model: posix
gcc version 7.5.0 (Ubuntu 7.5.0-3ubuntu1~18.04) 
configure:3768: $? = 0
configure:3757: gcc -V >&5
gcc: error: unrecognized command line option '-V'
gcc: fatal error: no input files
compilation terminated.
configure:3768: $? = 1
configure:3757: gcc -qversion >&5
gcc: error: unrecognized command line option '-qversion'; did you mean '--version'?
gcc: fatal error: no input files
compilation terminated.
configure:3768: $? = 1
configure:3772: checking whether we are using the GNU C compiler
configure:3791: gcc -c   conftest.c >&5
configure:3791: $? = 0
configure:3800: result: yes
configure:3809: checking whether gcc accepts -g
configure:3829: gcc -c -g  conftest.c >&5
configure:3829: $? = 0
configure:3870: result: yes
configure:3887: checking for gcc option to accept ISO C89
configure:3950: gcc  -c -g -O2  conftest.c >&5
configure:3950: $? = 0
configure:3963: result: none needed
configure:3985: checking dependency style of gcc
configure:4095: result: gcc3
configure:4120: checking how to run the C preprocessor
configure:4151: gcc -E  conftest.c
configure:4151: $? = 0
configure:4165: gcc -E  conftest.c
conftest.c:11:10: fatal error: ac_nonexistent.h: No such file or directory
 #include <ac_nonexistent.h>
          ^~~~~~~~~~~~~~~~~~
compilation terminated.
configure:4165: $? = 1
configure: failed program was:
| /* confdefs.h */
| #define PACKAGE_NAME "BatMis"
| #define PACKAGE_TARNAME "batmis"
| #define PACKAGE_VERSION "3.00(mmx)"
| #define PACKAGE_STRING "BatMis 3.00(mmx)"
| #define PACKAGE_BUGREPORT "bwtbatman@gmail.com"
| #define PACKAGE_URL ""
| #define PACKAGE "BatMis"
| #define VERSION "3.00"
| /* end confdefs.h.  */
| #include <ac_nonexistent.h>
configure:4190: result: gcc -E
configure:4210: gcc -E  conftest.c
configure:4210: $? = 0
configure:4224: gcc -E  conftest.c
conftest.c:11:10: fatal error: ac_nonexistent.h: No such file or directory
 #include <ac_nonexistent.h>
          ^~~~~~~~~~~~~~~~~~
compilation terminated.
configure:4224: $? = 1
configure: failed program was:
| /* confdefs.h */
| #define PACKAGE_NAME "BatMis"
| #define PACKAGE_TARNAME "batmis"
| #define PACKAGE_VERSION "3.00(mmx)"
| #define PACKAGE_STRING "BatMis 3.00(mmx)"
| #define PACKAGE_BUGREPORT "bwtbatman@gmail.com"
| #define PACKAGE_URL ""
| #define PACKAGE "BatMis"
| #define VERSION "3.00"
| /* end confdefs.h.  */
| #include <ac_nonexistent.h>
configure:4253: checking for grep that handles long lines and -e
configure:4311: result: /bin/grep
configure:4316: checking for egrep
configure:4378: result: /bin/grep -E
configure:4383: checking for ANSI C header files
configure:4403: gcc -c -g -O2  conftest.c >&5
configure:4403: $? = 0
configure:4476: gcc -o conftest -g -O2   conftest.c  >&5
configure:4476: $? = 0
configure:4476: ./conftest
configure:4476: $? = 0
configure:4487: result: yes
configure:4500: checking for sys/types.h
configure:4500: gcc -c -g -O2  conftest.c >&5
configure:4500: $? = 0
configure:4500: result: yes
configure:4500: checking for sys/stat.h
configure:4500: gcc -c -g -O2  conftest.c >&5
configure:4500: $? = 0
configure:4500: result: yes
configure:4500: checking for stdlib.h
configure:4500: gcc -c -g -O2  conftest.c >&5
configure:4500: $? = 0
configure:4500: result: yes
configure:4500: checking for string.h
configure:4500: gcc -c -g -O2  conftest.c >&5
configure:4500: $? = 0
configure:4500: result: yes
configure:4500: checking for memory.h
configure:4500: gcc -c -g -O2  conftest.c >&5
configure:4500: $? = 0
configure:4500: result: yes
configure:4500: checking for strings.h
configure:4500: gcc -c -g -O2  conftest.c >&5
configure:4500: $? = 0
configure:4500: result: yes
configure:4500: checking for inttypes.h
configure:4500: gcc -c -g -O2  conftest.c >&5
configure:4500: $? = 0
configure:4500: result: yes
configure:4500: checking for stdint.h
configure:4500: gcc -c -g -O2  conftest.c >&5
configure:4500: $? = 0
configure:4500: result: yes
configure:4500: checking for unistd.h
configure:4500: gcc -c -g -O2  conftest.c >&5
configure:4500: $? = 0
configure:4500: result: yes
configure:4515: checking limits.h usability
configure:4515: gcc -c -g -O2  conftest.c >&5
configure:4515: $? = 0
configure:4515: result: yes
configure:4515: checking limits.h presence
configure:4515: gcc -E  conftest.c
configure:4515: $? = 0
configure:4515: result: yes
configure:4515: checking for limits.h
configure:4515: result: yes
configure:4515: checking malloc.h usability
configure:4515: gcc -c -g -O2  conftest.c >&5
configure:4515: $? = 0
configure:4515: result: yes
configure:4515: checking malloc.h presence
configure:4515: gcc -E  conftest.c
configure:4515: $? = 0
configure:4515: result: yes
configure:4515: checking for malloc.h
configure:4515: result: yes
configure:4515: checking stddef.h usability
configure:4515: gcc -c -g -O2  conftest.c >&5
configure:4515: $? = 0
configure:4515: result: yes
configure:4515: checking stddef.h presence
configure:4515: gcc -E  conftest.c
configure:4515: $? = 0
configure:4515: result: yes
configure:4515: checking for stddef.h
configure:4515: result: yes
configure:4515: checking for stdint.h
configure:4515: result: yes
configure:4515: checking for stdlib.h
configure:4515: result: yes
configure:4515: checking for string.h
configure:4515: result: yes
configure:4515: checking sys/socket.h usability
configure:4515: gcc -c -g -O2  conftest.c >&5
configure:4515: $? = 0
configure:4515: result: yes
configure:4515: checking sys/socket.h presence
configure:4515: gcc -E  conftest.c
configure:4515: $? = 0
configure:4515: result: yes
configure:4515: checking for sys/socket.h
configure:4515: result: yes
configure:4515: checking sys/time.h usability
configure:4515: gcc -c -g -O2  conftest.c >&5
configure:4515: $? = 0
configure:4515: result: yes
configure:4515: checking sys/time.h presence
configure:4515: gcc -E  conftest.c
configure:4515: $? = 0
configure:4515: result: yes
configure:4515: checking for sys/time.h
configure:4515: result: yes
configure:4515: checking for unistd.h
configure:4515: result: yes
configure:4527: checking for an ANSI C-conforming const
configure:4593: gcc -c -g -O2  conftest.c >&5
configure:4593: $? = 0
configure:4600: result: yes
configure:4608: checking for size_t
configure:4608: gcc -c -g -O2  conftest.c >&5
configure:4608: $? = 0
configure:4608: gcc -c -g -O2  conftest.c >&5
conftest.c: In function 'main':
conftest.c:66:21: error: expected expression before ')' token
 if (sizeof ((size_t)))
                     ^
configure:4608: $? = 1
configure: failed program was:
| /* confdefs.h */
| #define PACKAGE_NAME "BatMis"
| #define PACKAGE_TARNAME "batmis"
| #define PACKAGE_VERSION "3.00(mmx)"
| #define PACKAGE_STRING "BatMis 3.00(mmx)"
| #define PACKAGE_BUGREPORT "bwtbatman@gmail.com"
| #define PACKAGE_URL ""
| #define PACKAGE "BatMis"
| #define VERSION "3.00"
| #define STDC_HEADERS 1
| #define HAVE_SYS_TYPES_H 1
| #define HAVE_SYS_STAT_H 1
| #define HAVE_STDLIB_H 1
| #define HAVE_STRING_H 1
| #define HAVE_MEMORY_H 1
| #define HAVE_STRINGS_H 1
| #define HAVE_INTTYPES_H 1
| #define HAVE_STDINT_H 1
| #define HAVE_UNISTD_H 1
| #define HAVE_LIMITS_H 1
| #define HAVE_MALLOC_H 1
| #define HAVE_STDDEF_H 1
| #define HAVE_STDINT_H 1
| #define HAVE_STDLIB_H 1
| #define HAVE_STRING_H 1
| #define HAVE_SYS_SOCKET_H 1
| #define HAVE_SYS_TIME_H 1
| #define HAVE_UNISTD_H 1
| /* end confdefs.h.  */
| #include <stdio.h>
| #ifdef HAVE_SYS_TYPES_H
| # include <sys/types.h>
| #endif
| #ifdef HAVE_SYS_STAT_H
| # include <sys/stat.h>
| #endif
| #ifdef STDC_HEADERS
| # include <stdlib.h>
| # include <stddef.h>
| #else
| # ifdef HAVE_STDLIB_H
| #  include <stdlib.h>
| # endif
| #endif
| #ifdef HAVE_STRING_H
| # if !defined STDC_HEADERS && defined HAVE_MEMORY_H
| #  include <memory.h>
| # endif
| # include <string.h>
| #endif
| #ifdef HAVE_STRINGS_H
| # include <strings.h>
| #endif
| #ifdef HAVE_INTTYPES_H
| # include <inttypes.h>
| #endif
| #ifdef HAVE_STDINT_H
| # include <stdint.h>
| #endif
| #ifdef HAVE_UNISTD_H
| # include <unistd.h>
| #endif
| int
| main ()
| {
| if (sizeof ((size_t)))
| 	    return 0;
|   ;
|   return 0;
| }
configure:4608: result: yes
configure:4619: checking whether time.h and sys/time.h may both be included
configure:4639: gcc -c -g -O2  conftest.c >&5
configure:4639: $? = 0
configure:4646: result: yes
configure:4654: checking for working volatile
configure:4673: gcc -c -g -O2  conftest.c >&5
configure:4673: $? = 0
configure:4680: result: yes
configure:4688: checking for ptrdiff_t
configure:4688: gcc -c -g -O2  conftest.c >&5
configure:4688: $? = 0
configure:4688: gcc -c -g -O2  conftest.c >&5
conftest.c: In function 'main':
conftest.c:67:24: error: expected expression before ')' token
 if (sizeof ((ptrdiff_t)))
                        ^
configure:4688: $? = 1
configure: failed program was:
| /* confdefs.h */
| #define PACKAGE_NAME "BatMis"
| #define PACKAGE_TARNAME "batmis"
| #define PACKAGE_VERSION "3.00(mmx)"
| #define PACKAGE_STRING "BatMis 3.00(mmx)"
| #define PACKAGE_BUGREPORT "bwtbatman@gmail.com"
| #define PACKAGE_URL ""
| #define PACKAGE "BatMis"
| #define VERSION "3.00"
| #define STDC_HEADERS 1
| #define HAVE_SYS_TYPES_H 1
| #define HAVE_SYS_STAT_H 1
| #define HAVE_STDLIB_H 1
| #define HAVE_STRING_H 1
| #define HAVE_MEMORY_H 1
| #define HAVE_STRINGS_H 1
| #define HAVE_INTTYPES_H 1
| #define HAVE_STDINT_H 1
| #define HAVE_UNISTD_H 1
| #define HAVE_LIMITS_H 1
| #define HAVE_MALLOC_H 1
| #define HAVE_STDDEF_H 1
| #define HAVE_STDINT_H 1
| #define HAVE_STDLIB_H 1
| #define HAVE_STRING_H 1
| #define HAVE_SYS_SOCKET_H 1
| #define HAVE_SYS_TIME_H 1
| #define HAVE_UNISTD_H 1
| #define TIME_WITH_SYS_TIME 1
| /* end confdefs.h.  */
| #include <stdio.h>
| #ifdef HAVE_SYS_TYPES_H
| # include <sys/types.h>
| #endif
| #ifdef HAVE_SYS_STAT_H
| # include <sys/stat.h>
| #endif
| #ifdef STDC_HEADERS
| # include <stdlib.h>
| # include <stddef.h>
| #else
| # ifdef HAVE_STDLIB_H
| #  include <stdlib.h>
| # endif
| #endif
| #ifdef HAVE_STRING_H
| # if !defined STDC_HEADERS && defined HAVE_MEMORY_H
| #  include <memory.h>
| # endif
| # include <string.h>
| #endif
| #ifdef HAVE_STRINGS_H
| # include <strings.h>
| #endif
| #ifdef HAVE_INTTYPES_H
| # include <inttypes.h>
| #endif
| #ifdef HAVE_STDINT_H
| # include <stdint.h>
| #endif
| #ifdef HAVE_UNISTD_H
| # include <unistd.h>
| #endif
| int
| main ()
| {
| if (sizeof ((ptrdiff_t)))
| 	    return 0;
|   ;
|   return 0;
| }
configure:4688: result: yes
configure:4702: checking for stdlib.h
configure:4702: result: yes
configure:4712: checking for GNU libc compatible malloc
configure:4736: gcc -o conftest -g -O2   conftest.c  >&5
configure:4736: $? = 0
configure:4736: ./conftest
configure:4736: $? = 0
configure:4746: result: yes
configure:4769: checking for stdlib.h
configure:4769: result: yes
configure:4779: checking for GNU libc compatible realloc
configure:4803: gcc -o conftest -g -O2   conftest.c  >&5
configure:4803: $? = 0
configure:4803: ./conftest
configure:4803: $? = 0
configure:4813: result: yes
configure:4843: checking for vprintf
configure:4843: gcc -o conftest -g -O2   conftest.c  >&5
conftest.c:59:6: warning: conflicting types for built-in function 'vprintf' [-Wbuiltin-declaration-mismatch]
 char vprintf ();
      ^~~~~~~
configure:4843: $? = 0
configure:4843: result: yes
configure:4849: checking for _doprnt
configure:4849: gcc -o conftest -g -O2   conftest.c  >&5
/tmp/cchQO2gO.o: In function `main':
/usr/local/src/batvi1.03/BatMis-3.00/conftest.c:71: undefined reference to `_doprnt'
collect2: error: ld returned 1 exit status
configure:4849: $? = 1
configure: failed program was:
| /* confdefs.h */
| #define PACKAGE_NAME "BatMis"
| #define PACKAGE_TARNAME "batmis"
| #define PACKAGE_VERSION "3.00(mmx)"
| #define PACKAGE_STRING "BatMis 3.00(mmx)"
| #define PACKAGE_BUGREPORT "bwtbatman@gmail.com"
| #define PACKAGE_URL ""
| #define PACKAGE "BatMis"
| #define VERSION "3.00"
| #define STDC_HEADERS 1
| #define HAVE_SYS_TYPES_H 1
| #define HAVE_SYS_STAT_H 1
| #define HAVE_STDLIB_H 1
| #define HAVE_STRING_H 1
| #define HAVE_MEMORY_H 1
| #define HAVE_STRINGS_H 1
| #define HAVE_INTTYPES_H 1
| #define HAVE_STDINT_H 1
| #define HAVE_UNISTD_H 1
| #define HAVE_LIMITS_H 1
| #define HAVE_MALLOC_H 1
| #define HAVE_STDDEF_H 1
| #define HAVE_STDINT_H 1
| #define HAVE_STDLIB_H 1
| #define HAVE_STRING_H 1
| #define HAVE_SYS_SOCKET_H 1
| #define HAVE_SYS_TIME_H 1
| #define HAVE_UNISTD_H 1
| #define TIME_WITH_SYS_TIME 1
| #define HAVE_PTRDIFF_T 1
| #define HAVE_STDLIB_H 1
| #define HAVE_MALLOC 1
| #define HAVE_STDLIB_H 1
| #define HAVE_REALLOC 1
| #define HAVE_VPRINTF 1
| /* end confdefs.h.  */
| /* Define _doprnt to an innocuous variant, in case <limits.h> declares _doprnt.
|    For example, HP-UX 11i <limits.h> declares gettimeofday.  */
| #define _doprnt innocuous__doprnt
| 
| /* System header to define __stub macros and hopefully few prototypes,
|     which can conflict with char _doprnt (); below.
|     Prefer <limits.h> to <assert.h> if __STDC__ is defined, since
|     <limits.h> exists even on freestanding compilers.  */
| 
| #ifdef __STDC__
| # include <limits.h>
| #else
| # include <assert.h>
| #endif
| 
| #undef _doprnt
| 
| /* Override any GCC internal prototype to avoid an error.
|    Use char because int might match the return type of a GCC
|    builtin and then its argument prototype would still apply.  */
| #ifdef __cplusplus
| extern "C"
| #endif
| char _doprnt ();
| /* The GNU C library defines this for functions which it implements
|     to always fail with ENOSYS.  Some functions are actually named
|     something starting with __ and the normal name is an alias.  */
| #if defined __stub__doprnt || defined __stub____doprnt
| choke me
| #endif
| 
| int
| main ()
| {
| return _doprnt ();
|   ;
|   return 0;
| }
configure:4849: result: no
configure:4863: checking for floor
configure:4863: gcc -o conftest -g -O2   conftest.c  >&5
conftest.c:60:6: warning: conflicting types for built-in function 'floor' [-Wbuiltin-declaration-mismatch]
 char floor ();
      ^~~~~
/tmp/ccWbMjdT.o: In function `main':
/usr/local/src/batvi1.03/BatMis-3.00/conftest.c:71: undefined reference to `floor'
collect2: error: ld returned 1 exit status
configure:4863: $? = 1
configure: failed program was:
| /* confdefs.h */
| #define PACKAGE_NAME "BatMis"
| #define PACKAGE_TARNAME "batmis"
| #define PACKAGE_VERSION "3.00(mmx)"
| #define PACKAGE_STRING "BatMis 3.00(mmx)"
| #define PACKAGE_BUGREPORT "bwtbatman@gmail.com"
| #define PACKAGE_URL ""
| #define PACKAGE "BatMis"
| #define VERSION "3.00"
| #define STDC_HEADERS 1
| #define HAVE_SYS_TYPES_H 1
| #define HAVE_SYS_STAT_H 1
| #define HAVE_STDLIB_H 1
| #define HAVE_STRING_H 1
| #define HAVE_MEMORY_H 1
| #define HAVE_STRINGS_H 1
| #define HAVE_INTTYPES_H 1
| #define HAVE_STDINT_H 1
| #define HAVE_UNISTD_H 1
| #define HAVE_LIMITS_H 1
| #define HAVE_MALLOC_H 1
| #define HAVE_STDDEF_H 1
| #define HAVE_STDINT_H 1
| #define HAVE_STDLIB_H 1
| #define HAVE_STRING_H 1
| #define HAVE_SYS_SOCKET_H 1
| #define HAVE_SYS_TIME_H 1
| #define HAVE_UNISTD_H 1
| #define TIME_WITH_SYS_TIME 1
| #define HAVE_PTRDIFF_T 1
| #define HAVE_STDLIB_H 1
| #define HAVE_MALLOC 1
| #define HAVE_STDLIB_H 1
| #define HAVE_REALLOC 1
| #define HAVE_VPRINTF 1
| /* end confdefs.h.  */
| /* Define floor to an innocuous variant, in case <limits.h> declares floor.
|    For example, HP-UX 11i <limits.h> declares gettimeofday.  */
| #define floor innocuous_floor
| 
| /* System header to define __stub macros and hopefully few prototypes,
|     which can conflict with char floor (); below.
|     Prefer <limits.h> to <assert.h> if __STDC__ is defined, since
|     <limits.h> exists even on freestanding compilers.  */
| 
| #ifdef __STDC__
| # include <limits.h>
| #else
| # include <assert.h>
| #endif
| 
| #undef floor
| 
| /* Override any GCC internal prototype to avoid an error.
|    Use char because int might match the return type of a GCC
|    builtin and then its argument prototype would still apply.  */
| #ifdef __cplusplus
| extern "C"
| #endif
| char floor ();
| /* The GNU C library defines this for functions which it implements
|     to always fail with ENOSYS.  Some functions are actually named
|     something starting with __ and the normal name is an alias.  */
| #if defined __stub_floor || defined __stub___floor
| choke me
| #endif
| 
| int
| main ()
| {
| return floor ();
|   ;
|   return 0;
| }
configure:4863: result: no
configure:4863: checking for gettimeofday
configure:4863: gcc -o conftest -g -O2   conftest.c  >&5
configure:4863: $? = 0
configure:4863: result: yes
configure:4863: checking for memmove
configure:4863: gcc -o conftest -g -O2   conftest.c  >&5
conftest.c:61:6: warning: conflicting types for built-in function 'memmove' [-Wbuiltin-declaration-mismatch]
 char memmove ();
      ^~~~~~~
configure:4863: $? = 0
configure:4863: result: yes
configure:4863: checking for memset
configure:4863: gcc -o conftest -g -O2   conftest.c  >&5
conftest.c:62:6: warning: conflicting types for built-in function 'memset' [-Wbuiltin-declaration-mismatch]
 char memset ();
      ^~~~~~
configure:4863: $? = 0
configure:4863: result: yes
configure:4863: checking for pow
configure:4863: gcc -o conftest -g -O2   conftest.c  >&5
conftest.c:63:6: warning: conflicting types for built-in function 'pow' [-Wbuiltin-declaration-mismatch]
 char pow ();
      ^~~
/tmp/ccnnS043.o: In function `main':
/usr/local/src/batvi1.03/BatMis-3.00/conftest.c:74: undefined reference to `pow'
collect2: error: ld returned 1 exit status
configure:4863: $? = 1
configure: failed program was:
| /* confdefs.h */
| #define PACKAGE_NAME "BatMis"
| #define PACKAGE_TARNAME "batmis"
| #define PACKAGE_VERSION "3.00(mmx)"
| #define PACKAGE_STRING "BatMis 3.00(mmx)"
| #define PACKAGE_BUGREPORT "bwtbatman@gmail.com"
| #define PACKAGE_URL ""
| #define PACKAGE "BatMis"
| #define VERSION "3.00"
| #define STDC_HEADERS 1
| #define HAVE_SYS_TYPES_H 1
| #define HAVE_SYS_STAT_H 1
| #define HAVE_STDLIB_H 1
| #define HAVE_STRING_H 1
| #define HAVE_MEMORY_H 1
| #define HAVE_STRINGS_H 1
| #define HAVE_INTTYPES_H 1
| #define HAVE_STDINT_H 1
| #define HAVE_UNISTD_H 1
| #define HAVE_LIMITS_H 1
| #define HAVE_MALLOC_H 1
| #define HAVE_STDDEF_H 1
| #define HAVE_STDINT_H 1
| #define HAVE_STDLIB_H 1
| #define HAVE_STRING_H 1
| #define HAVE_SYS_SOCKET_H 1
| #define HAVE_SYS_TIME_H 1
| #define HAVE_UNISTD_H 1
| #define TIME_WITH_SYS_TIME 1
| #define HAVE_PTRDIFF_T 1
| #define HAVE_STDLIB_H 1
| #define HAVE_MALLOC 1
| #define HAVE_STDLIB_H 1
| #define HAVE_REALLOC 1
| #define HAVE_VPRINTF 1
| #define HAVE_GETTIMEOFDAY 1
| #define HAVE_MEMMOVE 1
| #define HAVE_MEMSET 1
| /* end confdefs.h.  */
| /* Define pow to an innocuous variant, in case <limits.h> declares pow.
|    For example, HP-UX 11i <limits.h> declares gettimeofday.  */
| #define pow innocuous_pow
| 
| /* System header to define __stub macros and hopefully few prototypes,
|     which can conflict with char pow (); below.
|     Prefer <limits.h> to <assert.h> if __STDC__ is defined, since
|     <limits.h> exists even on freestanding compilers.  */
| 
| #ifdef __STDC__
| # include <limits.h>
| #else
| # include <assert.h>
| #endif
| 
| #undef pow
| 
| /* Override any GCC internal prototype to avoid an error.
|    Use char because int might match the return type of a GCC
|    builtin and then its argument prototype would still apply.  */
| #ifdef __cplusplus
| extern "C"
| #endif
| char pow ();
| /* The GNU C library defines this for functions which it implements
|     to always fail with ENOSYS.  Some functions are actually named
|     something starting with __ and the normal name is an alias.  */
| #if defined __stub_pow || defined __stub___pow
| choke me
| #endif
| 
| int
| main ()
| {
| return pow ();
|   ;
|   return 0;
| }
configure:4863: result: no
configure:4863: checking for socket
configure:4863: gcc -o conftest -g -O2   conftest.c  >&5
configure:4863: $? = 0
configure:4863: result: yes
configure:4863: checking for sqrt
configure:4863: gcc -o conftest -g -O2   conftest.c  >&5
conftest.c:64:6: warning: conflicting types for built-in function 'sqrt' [-Wbuiltin-declaration-mismatch]
 char sqrt ();
      ^~~~
/tmp/ccFg7m8d.o: In function `main':
/usr/local/src/batvi1.03/BatMis-3.00/conftest.c:75: undefined reference to `sqrt'
collect2: error: ld returned 1 exit status
configure:4863: $? = 1
configure: failed program was:
| /* confdefs.h */
| #define PACKAGE_NAME "BatMis"
| #define PACKAGE_TARNAME "batmis"
| #define PACKAGE_VERSION "3.00(mmx)"
| #define PACKAGE_STRING "BatMis 3.00(mmx)"
| #define PACKAGE_BUGREPORT "bwtbatman@gmail.com"
| #define PACKAGE_URL ""
| #define PACKAGE "BatMis"
| #define VERSION "3.00"
| #define STDC_HEADERS 1
| #define HAVE_SYS_TYPES_H 1
| #define HAVE_SYS_STAT_H 1
| #define HAVE_STDLIB_H 1
| #define HAVE_STRING_H 1
| #define HAVE_MEMORY_H 1
| #define HAVE_STRINGS_H 1
| #define HAVE_INTTYPES_H 1
| #define HAVE_STDINT_H 1
| #define HAVE_UNISTD_H 1
| #define HAVE_LIMITS_H 1
| #define HAVE_MALLOC_H 1
| #define HAVE_STDDEF_H 1
| #define HAVE_STDINT_H 1
| #define HAVE_STDLIB_H 1
| #define HAVE_STRING_H 1
| #define HAVE_SYS_SOCKET_H 1
| #define HAVE_SYS_TIME_H 1
| #define HAVE_UNISTD_H 1
| #define TIME_WITH_SYS_TIME 1
| #define HAVE_PTRDIFF_T 1
| #define HAVE_STDLIB_H 1
| #define HAVE_MALLOC 1
| #define HAVE_STDLIB_H 1
| #define HAVE_REALLOC 1
| #define HAVE_VPRINTF 1
| #define HAVE_GETTIMEOFDAY 1
| #define HAVE_MEMMOVE 1
| #define HAVE_MEMSET 1
| #define HAVE_SOCKET 1
| /* end confdefs.h.  */
| /* Define sqrt to an innocuous variant, in case <limits.h> declares sqrt.
|    For example, HP-UX 11i <limits.h> declares gettimeofday.  */
| #define sqrt innocuous_sqrt
| 
| /* System header to define __stub macros and hopefully few prototypes,
|     which can conflict with char sqrt (); below.
|     Prefer <limits.h> to <assert.h> if __STDC__ is defined, since
|     <limits.h> exists even on freestanding compilers.  */
| 
| #ifdef __STDC__
| # include <limits.h>
| #else
| # include <assert.h>
| #endif
| 
| #undef sqrt
| 
| /* Override any GCC internal prototype to avoid an error.
|    Use char because int might match the return type of a GCC
|    builtin and then its argument prototype would still apply.  */
| #ifdef __cplusplus
| extern "C"
| #endif
| char sqrt ();
| /* The GNU C library defines this for functions which it implements
|     to always fail with ENOSYS.  Some functions are actually named
|     something starting with __ and the normal name is an alias.  */
| #if defined __stub_sqrt || defined __stub___sqrt
| choke me
| #endif
| 
| int
| main ()
| {
| return sqrt ();
|   ;
|   return 0;
| }
configure:4863: result: no
configure:4863: checking for strchr
configure:4863: gcc -o conftest -g -O2   conftest.c  >&5
conftest.c:64:6: warning: conflicting types for built-in function 'strchr' [-Wbuiltin-declaration-mismatch]
 char strchr ();
      ^~~~~~
configure:4863: $? = 0
configure:4863: result: yes
configure:4863: checking for strdup
configure:4863: gcc -o conftest -g -O2   conftest.c  >&5
conftest.c:65:6: warning: conflicting types for built-in function 'strdup' [-Wbuiltin-declaration-mismatch]
 char strdup ();
      ^~~~~~
configure:4863: $? = 0
configure:4863: result: yes
configure:4863: checking for strtoul
configure:4863: gcc -o conftest -g -O2   conftest.c  >&5
configure:4863: $? = 0
configure:4863: result: yes
configure:4872: checking Checking for SIMD support and for a gcc bug...
configure:4887: gcc -c -g -O2 -msse2  conftest.c >&5
conftest.c:44:23: warning: extra tokens at end of #include directive
 #include <emmintrin.h>;#include <mmintrin.h>;
                       ^
configure:4887: $? = 0
configure:4888: result: OK...
configure:5037: creating ./config.status

## ---------------------- ##
## Running config.status. ##
## ---------------------- ##

This file was extended by BatMis config.status 3.00(mmx), which was
generated by GNU Autoconf 2.69.  Invocation command line was

  CONFIG_FILES    = 
  CONFIG_HEADERS  = 
  CONFIG_LINKS    = 
  CONFIG_COMMANDS = 
  $ ./config.status 

on buildkitsandbox

config.status:880: creating Makefile
config.status:880: creating src/Makefile
config.status:880: creating scripts/Makefile
config.status:880: creating doc/Makefile
config.status:880: creating config.h
config.status:1061: config.h is unchanged
config.status:1109: executing depfiles commands

## ---------------- ##
## Cache variables. ##
## ---------------- ##

ac_cv_c_compiler_gnu=yes
ac_cv_c_const=yes
ac_cv_c_volatile=yes
ac_cv_cxx_compiler_gnu=yes
ac_cv_env_CCC_set=
ac_cv_env_CCC_value=
ac_cv_env_CC_set=
ac_cv_env_CC_value=
ac_cv_env_CFLAGS_set=
ac_cv_env_CFLAGS_value=
ac_cv_env_CPPFLAGS_set=
ac_cv_env_CPPFLAGS_value=
ac_cv_env_CPP_set=
ac_cv_env_CPP_value=
ac_cv_env_CXXFLAGS_set=
ac_cv_env_CXXFLAGS_value=
ac_cv_env_CXX_set=
ac_cv_env_CXX_value=
ac_cv_env_LDFLAGS_set=
ac_cv_env_LDFLAGS_value=
ac_cv_env_LIBS_set=
ac_cv_env_LIBS_value=
ac_cv_env_build_alias_set=
ac_cv_env_build_alias_value=
ac_cv_env_host_alias_set=
ac_cv_env_host_alias_value=
ac_cv_env_target_alias_set=
ac_cv_env_target_alias_value=
ac_cv_func__doprnt=no
ac_cv_func_floor=no
ac_cv_func_gettimeofday=yes
ac_cv_func_malloc_0_nonnull=yes
ac_cv_func_memmove=yes
ac_cv_func_memset=yes
ac_cv_func_pow=no
ac_cv_func_realloc_0_nonnull=yes
ac_cv_func_setvbuf_reversed=no
ac_cv_func_socket=yes
ac_cv_func_sqrt=no
ac_cv_func_strchr=yes
ac_cv_func_strdup=yes
ac_cv_func_strtoul=yes
ac_cv_func_vprintf=yes
ac_cv_header_inttypes_h=yes
ac_cv_header_limits_h=yes
ac_cv_header_malloc_h=yes
ac_cv_header_memory_h=yes
ac_cv_header_stdc=yes
ac_cv_header_stddef_h=yes
ac_cv_header_stdint_h=yes
ac_cv_header_stdlib_h=yes
ac_cv_header_string_h=yes
ac_cv_header_strings_h=yes
ac_cv_header_sys_socket_h=yes
ac_cv_header_sys_stat_h=yes
ac_cv_header_sys_time_h=yes
ac_cv_header_sys_types_h=yes
ac_cv_header_time=yes
ac_cv_header_unistd_h=yes
ac_cv_objext=o
ac_cv_path_EGREP='/bin/grep -E'
ac_cv_path_GREP=/bin/grep
ac_cv_path_install='/usr/bin/install -c'
ac_cv_path_mkdir=/bin/mkdir
ac_cv_prog_AWK=mawk
ac_cv_prog_CPP='gcc -E'
ac_cv_prog_ac_ct_CC=gcc
ac_cv_prog_ac_ct_CXX=g++
ac_cv_prog_cc_c89=
ac_cv_prog_cc_g=yes
ac_cv_prog_cxx_g=yes
ac_cv_prog_make_make_set=yes
ac_cv_type_ptrdiff_t=yes
ac_cv_type_size_t=yes
am_cv_CC_dependencies_compiler_type=gcc3
am_cv_CXX_dependencies_compiler_type=gcc3

## ----------------- ##
## Output variables. ##
## ----------------- ##

ACLOCAL='${SHELL} /usr/local/src/batvi1.03/BatMis-3.00/missing --run aclocal-1.11'
AMDEPBACKSLASH='\'
AMDEP_FALSE='#'
AMDEP_TRUE=''
AMTAR='${SHELL} /usr/local/src/batvi1.03/BatMis-3.00/missing --run tar'
AUTOCONF='${SHELL} /usr/local/src/batvi1.03/BatMis-3.00/missing --run autoconf'
AUTOHEADER='${SHELL} /usr/local/src/batvi1.03/BatMis-3.00/missing --run autoheader'
AUTOMAKE='${SHELL} /usr/local/src/batvi1.03/BatMis-3.00/missing --run automake-1.11'
AWK='mawk'
CC='gcc'
CCDEPMODE='depmode=gcc3'
CFLAGS='-g -O2'
CPP='gcc -E'
CPPFLAGS=''
CXX='g++'
CXXDEPMODE='depmode=gcc3'
CXXFLAGS='-g -O2'
CYGPATH_W='echo'
DEFS='-DHAVE_CONFIG_H'
DEPDIR='.deps'
ECHO_C=''
ECHO_N='-n'
ECHO_T=''
EGREP='/bin/grep -E'
EXEEXT=''
GREP='/bin/grep'
INSTALL_DATA='${INSTALL} -m 644'
INSTALL_PROGRAM='${INSTALL}'
INSTALL_SCRIPT='${INSTALL}'
INSTALL_STRIP_PROGRAM='$(install_sh) -c -s'
LDFLAGS=''
LIBOBJS=''
LIBS=''
LTLIBOBJS=''
MAKEINFO='${SHELL} /usr/local/src/batvi1.03/BatMis-3.00/missing --run makeinfo'
MKDIR_P='/bin/mkdir -p'
OBJEXT='o'
PACKAGE='BatMis'
PACKAGE_BUGREPORT='bwtbatman@gmail.com'
PACKAGE_NAME='BatMis'
PACKAGE_STRING='BatMis 3.00(mmx)'
PACKAGE_TARNAME='batmis'
PACKAGE_URL=''
PACKAGE_VERSION='3.00(mmx)'
PATH_SEPARATOR=':'
SET_MAKE=''
SHELL='/bin/bash'
STRIP=''
VERSION='3.00'
ac_ct_CC='gcc'
ac_ct_CXX='g++'
am__EXEEXT_FALSE=''
am__EXEEXT_TRUE='#'
am__fastdepCC_FALSE='#'
am__fastdepCC_TRUE=''
am__fastdepCXX_FALSE='#'
am__fastdepCXX_TRUE=''
am__include='include'
am__isrc=''
am__leading_dot='.'
am__quote=''
am__tar='${AMTAR} chof - "$$tardir"'
am__untar='${AMTAR} xf -'
bindir='${exec_prefix}/bin'
build_alias=''
datadir='${datarootdir}'
datarootdir='${prefix}/share'
docdir='${datarootdir}/doc/${PACKAGE_TARNAME}'
dvidir='${docdir}'
exec_prefix='${prefix}'
host_alias=''
htmldir='${docdir}'
includedir='${prefix}/include'
infodir='${datarootdir}/info'
install_sh='${SHELL} /usr/local/src/batvi1.03/BatMis-3.00/install-sh'
libdir='${exec_prefix}/lib'
libexecdir='${exec_prefix}/libexec'
localedir='${datarootdir}/locale'
localstatedir='${prefix}/var'
mandir='${datarootdir}/man'
mkdir_p='/bin/mkdir -p'
oldincludedir='/usr/include'
pdfdir='${docdir}'
prefix='/usr/local'
program_transform_name='s,x,x,'
psdir='${docdir}'
sbindir='${exec_prefix}/sbin'
sharedstatedir='${prefix}/com'
sysconfdir='${prefix}/etc'
target_alias=''

## ----------- ##
## confdefs.h. ##
## ----------- ##

/* confdefs.h */
#define PACKAGE_NAME "BatMis"
#define PACKAGE_TARNAME "batmis"
#define PACKAGE_VERSION "3.00(mmx)"
#define PACKAGE_STRING "BatMis 3.00(mmx)"
#define PACKAGE_BUGREPORT "bwtbatman@gmail.com"
#define PACKAGE_URL ""
#define PACKAGE "BatMis"
#define VERSION "3.00"
#define STDC_HEADERS 1
#define HAVE_SYS_TYPES_H 1
#define HAVE_SYS_STAT_H 1
#define HAVE_STDLIB_H 1
#define HAVE_STRING_H 1
#define HAVE_MEMORY_H 1
#define HAVE_STRINGS_H 1
#define HAVE_INTTYPES_H 1
#define HAVE_STDINT_H 1
#define HAVE_UNISTD_H 1
#define HAVE_LIMITS_H 1
#define HAVE_MALLOC_H 1
#define HAVE_STDDEF_H 1
#define HAVE_STDINT_H 1
#define HAVE_STDLIB_H 1
#define HAVE_STRING_H 1
#define HAVE_SYS_SOCKET_H 1
#define HAVE_SYS_TIME_H 1
#define HAVE_UNISTD_H 1
#define TIME_WITH_SYS_TIME 1
#define HAVE_PTRDIFF_T 1
#define HAVE_STDLIB_H 1
#define HAVE_MALLOC 1
#define HAVE_STDLIB_H 1
#define HAVE_REALLOC 1
#define HAVE_VPRINTF 1
#define HAVE_GETTIMEOFDAY 1
#define HAVE_MEMMOVE 1
#define HAVE_MEMSET 1
#define HAVE_SOCKET 1
#define HAVE_STRCHR 1
#define HAVE_STRDUP 1
#define HAVE_STRTOUL 1
#define MMX 1

configure: exit 0

## ---------------------- ##
## Running config.status. ##
## ---------------------- ##

This file was extended by BatMis config.status 3.00(mmx), which was
generated by GNU Autoconf 2.69.  Invocation command line was

  CONFIG_FILES    = 
  CONFIG_HEADERS  = 
  CONFIG_LINKS    = 
  CONFIG_COMMANDS = 
  $ ./config.status config.h

on buildkitsandbox

config.status:880: creating config.h
